[2024-01-13 09:56:20.184] [modengine] [info] ModEngine version 2.0.0-preview3-2144572dce7257d2cc477db78036e70dcd136b5a initializing for Elden Ring
[2024-01-13 09:56:20.184] [modengine] [info] Local settings loaded: true, Global settings loaded: false
[2024-01-13 09:56:20.184] [modengine] [info] Main thread ID: 1020
[2024-01-13 09:56:20.190] [modengine] [info] Enabling extension base
[2024-01-13 09:56:20.190] [modengine] [info] Enabled extension base
[2024-01-13 09:56:20.190] [modengine] [info] Enabling extension mod_loader
[2024-01-13 09:56:20.190] [modengine] [info] Installing mod location mod
[2024-01-13 09:56:20.191] [modengine] [info] Resolved mod path to D:\Projects\_MODS\ELDEN_RING_MOD\MOD_ENGINE\mod
[2024-01-13 09:56:20.191] [modengine] [info] Enabled extension mod_loader
[2024-01-13 09:56:20.337] [modengine] [info] Applied 3 hooks
[2024-01-13 09:56:20.347] [modengine] [info] Starting worker thread
[2024-01-13 11:14:49.494] [modengine] [info] ModEngine version 2.0.0-preview3-2144572dce7257d2cc477db78036e70dcd136b5a initializing for Elden Ring
[2024-01-13 11:14:49.494] [modengine] [info] Local settings loaded: true, Global settings loaded: false
[2024-01-13 11:14:49.494] [modengine] [info] Main thread ID: 7224
[2024-01-13 11:14:49.501] [modengine] [info] Enabling extension base
[2024-01-13 11:14:49.501] [modengine] [info] Enabled extension base
[2024-01-13 11:14:49.501] [modengine] [info] Enabling extension mod_loader
[2024-01-13 11:14:49.501] [modengine] [info] Installing mod location mod
[2024-01-13 11:14:49.501] [modengine] [info] Resolved mod path to D:\Projects\_MODS\ELDEN_RING_MOD\MOD_ENGINE\mod
[2024-01-13 11:14:49.501] [modengine] [info] Enabled extension mod_loader
[2024-01-13 11:14:49.728] [modengine] [info] Applied 3 hooks
[2024-01-13 11:14:49.730] [modengine] [info] Starting worker thread
[2024-01-13 11:20:51.962] [modengine] [info] ModEngine version 2.0.0-preview3-2144572dce7257d2cc477db78036e70dcd136b5a initializing for Elden Ring
[2024-01-13 11:20:51.962] [modengine] [info] Local settings loaded: true, Global settings loaded: false
[2024-01-13 11:20:51.962] [modengine] [info] Main thread ID: 6816
[2024-01-13 11:20:51.968] [modengine] [info] Enabling extension base
[2024-01-13 11:20:51.968] [modengine] [info] Enabled extension base
[2024-01-13 11:20:51.968] [modengine] [info] Enabling extension mod_loader
[2024-01-13 11:20:51.968] [modengine] [info] Installing mod location mod
[2024-01-13 11:20:51.968] [modengine] [info] Resolved mod path to D:\Projects\_MODS\ELDEN_RING_MOD\MOD_ENGINE\mod
[2024-01-13 11:20:51.968] [modengine] [info] Enabled extension mod_loader
[2024-01-13 11:20:52.081] [modengine] [info] Applied 3 hooks
[2024-01-13 11:20:52.106] [modengine] [info] Starting worker thread
[2024-01-13 11:29:10.207] [modengine] [info] ModEngine version 2.0.0-preview3-2144572dce7257d2cc477db78036e70dcd136b5a initializing for Elden Ring
[2024-01-13 11:29:10.207] [modengine] [info] Local settings loaded: true, Global settings loaded: false
[2024-01-13 11:29:10.207] [modengine] [info] Main thread ID: 7908
[2024-01-13 11:29:10.212] [modengine] [info] Enabling extension base
[2024-01-13 11:29:10.212] [modengine] [info] Enabled extension base
[2024-01-13 11:29:10.212] [modengine] [info] Enabling extension mod_loader
[2024-01-13 11:29:10.212] [modengine] [info] Installing mod location mod
[2024-01-13 11:29:10.212] [modengine] [info] Resolved mod path to D:\Projects\_MODS\ELDEN_RING_MOD\MOD_ENGINE\mod
[2024-01-13 11:29:10.212] [modengine] [info] Enabled extension mod_loader
[2024-01-13 11:29:10.466] [modengine] [info] Applied 3 hooks
[2024-01-13 11:29:10.493] [modengine] [info] Starting worker thread
[2024-01-13 13:34:21.587] [modengine] [info] ModEngine version 2.0.0-preview3-2144572dce7257d2cc477db78036e70dcd136b5a initializing for Elden Ring
[2024-01-13 13:34:21.588] [modengine] [info] Local settings loaded: true, Global settings loaded: false
[2024-01-13 13:34:21.588] [modengine] [info] Main thread ID: 6964
[2024-01-13 13:34:21.591] [modengine] [info] Enabling extension base
[2024-01-13 13:34:21.591] [modengine] [info] Enabled extension base
[2024-01-13 13:34:21.591] [modengine] [info] Enabling extension mod_loader
[2024-01-13 13:34:21.591] [modengine] [info] Installing mod location mod
[2024-01-13 13:34:21.591] [modengine] [info] Resolved mod path to D:\Projects\_MODS\ELDEN_RING_MOD\MOD_ENGINE\mod
[2024-01-13 13:34:21.591] [modengine] [info] Enabled extension mod_loader
[2024-01-13 13:34:21.905] [modengine] [info] Applied 3 hooks
[2024-01-13 13:34:21.906] [modengine] [info] Starting worker thread
[2024-01-13 13:34:23.097] [modengine] [info] Destroying
[2024-01-13 13:34:23.097] [modengine] [info] Destroying
[2024-01-13 13:34:23.097] [modengine] [info] Destroying
[2024-01-13 13:34:23.097] [modengine] [info] Destroying
[2024-01-13 13:34:23.098] [modengine] [info] Destroying
[2024-01-13 13:34:23.098] [modengine] [info] Destroying
[2024-01-13 13:34:23.098] [modengine] [info] Destroying
[2024-01-13 13:34:23.098] [modengine] [info] Destroying
[2024-01-13 13:34:23.098] [modengine] [info] Destroying
[2024-01-13 13:34:23.098] [modengine] [info] Destroying
[2024-01-13 13:34:42.166] [modengine] [info] ModEngine version 2.0.0-preview3-2144572dce7257d2cc477db78036e70dcd136b5a initializing for Elden Ring
[2024-01-13 13:34:42.166] [modengine] [info] Local settings loaded: true, Global settings loaded: false
[2024-01-13 13:34:42.166] [modengine] [info] Main thread ID: 4808
[2024-01-13 13:34:42.170] [modengine] [info] Enabling extension base
[2024-01-13 13:34:42.170] [modengine] [info] Enabled extension base
[2024-01-13 13:34:42.170] [modengine] [info] Enabling extension mod_loader
[2024-01-13 13:34:42.170] [modengine] [info] Installing mod location mod
[2024-01-13 13:34:42.170] [modengine] [info] Resolved mod path to D:\Projects\_MODS\ELDEN_RING_MOD\MOD_ENGINE\mod
[2024-01-13 13:34:42.170] [modengine] [info] Enabled extension mod_loader
[2024-01-13 13:34:42.287] [modengine] [info] Applied 3 hooks
[2024-01-13 13:34:42.289] [modengine] [info] Starting worker thread
[2024-01-13 13:52:38.441] [modengine] [info] ModEngine version 2.0.0-preview3-2144572dce7257d2cc477db78036e70dcd136b5a initializing for Elden Ring
[2024-01-13 13:52:38.441] [modengine] [info] Local settings loaded: true, Global settings loaded: false
[2024-01-13 13:52:38.441] [modengine] [info] Main thread ID: 5400
[2024-01-13 13:52:38.447] [modengine] [info] Enabling extension base
[2024-01-13 13:52:38.447] [modengine] [info] Enabled extension base
[2024-01-13 13:52:38.447] [modengine] [info] Enabling extension mod_loader
[2024-01-13 13:52:38.447] [modengine] [info] Installing mod location mod
[2024-01-13 13:52:38.448] [modengine] [info] Resolved mod path to D:\Projects\_MODS\ELDEN_RING_MOD\MOD_ENGINE\mod
[2024-01-13 13:52:38.448] [modengine] [info] Enabled extension mod_loader
[2024-01-13 13:52:38.592] [modengine] [info] Applied 3 hooks
[2024-01-13 13:52:38.603] [modengine] [info] Starting worker thread
[2024-01-13 13:54:21.792] [modengine] [info] ModEngine version 2.0.0-preview3-2144572dce7257d2cc477db78036e70dcd136b5a initializing for Elden Ring
[2024-01-13 13:54:21.792] [modengine] [info] Local settings loaded: true, Global settings loaded: false
[2024-01-13 13:54:21.792] [modengine] [info] Main thread ID: 5536
[2024-01-13 13:54:21.800] [modengine] [info] Enabling extension base
[2024-01-13 13:54:21.800] [modengine] [info] Enabled extension base
[2024-01-13 13:54:21.800] [modengine] [info] Enabling extension mod_loader
[2024-01-13 13:54:21.800] [modengine] [info] Installing mod location mod
[2024-01-13 13:54:21.800] [modengine] [info] Resolved mod path to D:\Projects\_MODS\ELDEN_RING_MOD\MOD_ENGINE\mod
[2024-01-13 13:54:21.800] [modengine] [info] Enabled extension mod_loader
[2024-01-13 13:54:21.958] [modengine] [info] Applied 3 hooks
[2024-01-13 13:54:21.961] [modengine] [info] Starting worker thread
[2024-01-13 13:55:00.458] [modengine] [info] ModEngine version 2.0.0-preview3-2144572dce7257d2cc477db78036e70dcd136b5a initializing for Elden Ring
[2024-01-13 13:55:00.459] [modengine] [info] Local settings loaded: true, Global settings loaded: false
[2024-01-13 13:55:00.459] [modengine] [info] Main thread ID: 1448
[2024-01-13 13:55:00.466] [modengine] [info] Enabling extension base
[2024-01-13 13:55:00.466] [modengine] [info] Enabled extension base
[2024-01-13 13:55:00.466] [modengine] [info] Enabling extension mod_loader
[2024-01-13 13:55:00.466] [modengine] [info] Installing mod location mod
[2024-01-13 13:55:00.466] [modengine] [info] Resolved mod path to D:\Projects\_MODS\ELDEN_RING_MOD\MOD_ENGINE\mod
[2024-01-13 13:55:00.466] [modengine] [info] Enabled extension mod_loader
[2024-01-13 13:55:00.603] [modengine] [info] Applied 3 hooks
[2024-01-13 13:55:00.632] [modengine] [info] Starting worker thread
[2024-01-13 14:15:40.236] [modengine] [info] ModEngine version 2.0.0-preview3-2144572dce7257d2cc477db78036e70dcd136b5a initializing for Elden Ring
[2024-01-13 14:15:40.236] [modengine] [info] Local settings loaded: true, Global settings loaded: false
[2024-01-13 14:15:40.236] [modengine] [info] Main thread ID: 7412
[2024-01-13 14:15:40.241] [modengine] [info] Enabling extension base
[2024-01-13 14:15:40.241] [modengine] [info] Enabled extension base
[2024-01-13 14:15:40.241] [modengine] [info] Enabling extension mod_loader
[2024-01-13 14:15:40.241] [modengine] [info] Installing mod location mod
[2024-01-13 14:15:40.241] [modengine] [info] Resolved mod path to D:\Projects\_MODS\ELDEN_RING_MOD\MOD_ENGINE\mod
[2024-01-13 14:15:40.241] [modengine] [info] Enabled extension mod_loader
[2024-01-13 14:15:40.490] [modengine] [info] Applied 3 hooks
[2024-01-13 14:15:40.512] [modengine] [info] Starting worker thread
[2024-01-13 18:57:56.734] [modengine] [info] ModEngine version 2.0.0-preview3-2144572dce7257d2cc477db78036e70dcd136b5a initializing for Elden Ring
[2024-01-13 18:57:56.735] [modengine] [info] Local settings loaded: true, Global settings loaded: false
[2024-01-13 18:57:56.735] [modengine] [info] Main thread ID: 1744
[2024-01-13 18:57:56.744] [modengine] [info] Enabling extension base
[2024-01-13 18:57:56.744] [modengine] [info] Enabled extension base
[2024-01-13 18:57:56.744] [modengine] [info] Enabling extension mod_loader
[2024-01-13 18:57:56.744] [modengine] [info] Installing mod location mod
[2024-01-13 18:57:56.745] [modengine] [info] Resolved mod path to D:\Projects\_MODS\ELDEN_RING_MOD\MOD_ENGINE\mod
[2024-01-13 18:57:56.745] [modengine] [info] Enabled extension mod_loader
[2024-01-13 18:57:56.848] [modengine] [info] Applied 3 hooks
[2024-01-13 18:57:56.864] [modengine] [info] Starting worker thread
[2024-01-13 18:59:35.404] [modengine] [info] ModEngine version 2.0.0-preview3-2144572dce7257d2cc477db78036e70dcd136b5a initializing for Elden Ring
[2024-01-13 18:59:35.404] [modengine] [info] Local settings loaded: true, Global settings loaded: false
[2024-01-13 18:59:35.404] [modengine] [info] Main thread ID: 7624
[2024-01-13 18:59:35.409] [modengine] [info] Enabling extension base
[2024-01-13 18:59:35.409] [modengine] [info] Enabled extension base
[2024-01-13 18:59:35.409] [modengine] [info] Enabling extension mod_loader
[2024-01-13 18:59:35.409] [modengine] [info] Installing mod location mod
[2024-01-13 18:59:35.410] [modengine] [info] Resolved mod path to D:\Projects\_MODS\ELDEN_RING_MOD\MOD_ENGINE\mod
[2024-01-13 18:59:35.410] [modengine] [info] Enabled extension mod_loader
[2024-01-13 18:59:35.517] [modengine] [info] Applied 3 hooks
[2024-01-13 18:59:35.519] [modengine] [info] Starting worker thread
